I, [2021-01-05T15:52:19.502464 #88902]  INFO -- : Registered expected interaction GET http://localhost:9091/court/B14LO/case/351196424
D, [2021-01-05T15:52:19.502786 #88902] DEBUG -- : {
  "description": "a request for a list of cases",
  "providerState": "will return a list of cases",
  "request": {
    "method": "GET",
    "path": "http://localhost:9091/court/B14LO/case/351196424",
    "headers": {
      "Accept": "application/json"
    }
  },
  "response": {
    "status": 200,
    "headers": {
      "Content-Type": "application/json"
    },
    "body": {
      "caseId": "351196424",
      "caseNo": "351196424",
      "courtCode": "SHF",
      "courtRoom": "06",
      "sessionStartTime": "2021-01-05T09:30:00",
      "listNo": "2nd",
      "pnc": "A/987930B",
      "crn": "E654321",
      "probationStatus": "Current",
      "session": "MORNING",
      "previouslyKnownTerminationDate": null,
      "suspendedSentenceOrder": false,
      "breach": true,
      "offences": [
        {
          "offenceTitle": "Attempt theft from the person of another",
          "offenceSummary": "On 05/09/2016 at Glasgow attempted to steal GAMES CONSOLES to the value of 750.00, belonging to Clemons Barron.",
          "act": "Contrary to section 1(1) of the Criminal Attempts Act 1981."
        },
        {
          "offenceTitle": "Theft from the person of another",
          "offenceSummary": "On 24/03/2016 at Leeds stole PLAYSTATION 4 to the value of 300.00, belonging to Hull Obrien.",
          "act": "Contrary to section 1(1) and 7 of the Theft Act 1968."
        },
        {
          "offenceTitle": "Attempt theft from the person of another",
          "offenceSummary": "On 05/09/2016 at Aberdeen attempted to steal FLAT SCREEN TV to the value of 750.00, belonging to Howard Ashley.",
          "act": "Contrary to section 1(1) of the Criminal Attempts Act 1981."
        },
        {
          "offenceTitle": "Attempt theft from the person of another",
          "offenceSummary": "On 05/09/2016 at Glasgow attempted to steal GAMES CONSOLES to the value of 750.00, belonging to Conner Powell.",
          "act": "Contrary to section 1(1) of the Criminal Attempts Act 1981."
        }
      ],
      "defendantSex": "M",
      "defendantName": "English Madden",
      "defendantAddress": {
        "line1": "38",
        "line2": "Clarendon Road",
        "postcode": "ad21 5dr",
        "line3": "Glasgow",
        "line4": null,
        "line5": null
      },
      "defendantDob": "1979-08-18",
      "nationality1": "British"
    }
  },
  "metadata": null
}
W, [2021-01-05T15:52:19.525814 #88902]  WARN -- : Verifying - actual interactions do not match expected interactions. 
Missing requests:
	GET http://localhost:9091/court/B14LO/case/351196424


W, [2021-01-05T15:52:19.525862 #88902]  WARN -- : Missing requests:
	GET http://localhost:9091/court/B14LO/case/351196424


I, [2021-01-05T15:52:19.547922 #88902]  INFO -- : Cleared interactions
